2024-06-28 17:20:16 [INFO]- Load pretrained SentenceTransformer: thenlper/gte-large
2024-06-28 17:20:23 [INFO]- Running on http://0.0.0.0:3000 (CTRL + C to quit)
2024-06-28 17:26:14 [INFO]- Exception on request POST /course_general/
Traceback (most recent call last):
  File "C:\Users\Dell\Desktop\Msc applied computer science\Semester 2\HMI (Project)\HMI\Human-Machine-Interface-\venv\Lib\site-packages\quart\app.py", line 1396, in handle_request
    return await self.full_dispatch_request(request_context)
           ^^^^^^^^^^^^^^^^^^^^^^^^^^^^^^^^^^^^^^^^^^^^^^^^^
  File "C:\Users\Dell\Desktop\Msc applied computer science\Semester 2\HMI (Project)\HMI\Human-Machine-Interface-\venv\Lib\site-packages\quart\app.py", line 1434, in full_dispatch_request
    result = await self.handle_user_exception(error)
             ^^^^^^^^^^^^^^^^^^^^^^^^^^^^^^^^^^^^^^^
  File "C:\Users\Dell\Desktop\Msc applied computer science\Semester 2\HMI (Project)\HMI\Human-Machine-Interface-\venv\Lib\site-packages\quart\app.py", line 1029, in handle_user_exception
    raise error
  File "C:\Users\Dell\Desktop\Msc applied computer science\Semester 2\HMI (Project)\HMI\Human-Machine-Interface-\venv\Lib\site-packages\quart\app.py", line 1432, in full_dispatch_request
    result = await self.dispatch_request(request_context)
             ^^^^^^^^^^^^^^^^^^^^^^^^^^^^^^^^^^^^^^^^^^^^
  File "C:\Users\Dell\Desktop\Msc applied computer science\Semester 2\HMI (Project)\HMI\Human-Machine-Interface-\venv\Lib\site-packages\quart\app.py", line 1526, in dispatch_request
    return await self.ensure_async(handler)(**request_.view_args)  # type: ignore
           ^^^^^^^^^^^^^^^^^^^^^^^^^^^^^^^^^^^^^^^^^^^^^^^^^^^^^^
  File "C:\Users\Dell\Desktop\HMI\server.py", line 59, in course_general
    resp = list_course_general(ctx, data_json)
           ^^^^^^^^^^^^^^^^^^^^^^^^^^^^^^^^^^^
  File "C:\Users\Dell\Desktop\HMI\matcher\query.py", line 17, in list_course_general
    query = json_payload['title']
            ~~~~~~~~~~~~^^^^^^^^^
KeyError: 'title'
2024-06-28 17:26:14 [INFO]- Exception on request POST /course_general/
Traceback (most recent call last):
  File "C:\Users\Dell\Desktop\Msc applied computer science\Semester 2\HMI (Project)\HMI\Human-Machine-Interface-\venv\Lib\site-packages\quart\app.py", line 1396, in handle_request
    return await self.full_dispatch_request(request_context)
           ^^^^^^^^^^^^^^^^^^^^^^^^^^^^^^^^^^^^^^^^^^^^^^^^^
  File "C:\Users\Dell\Desktop\Msc applied computer science\Semester 2\HMI (Project)\HMI\Human-Machine-Interface-\venv\Lib\site-packages\quart\app.py", line 1434, in full_dispatch_request
    result = await self.handle_user_exception(error)
             ^^^^^^^^^^^^^^^^^^^^^^^^^^^^^^^^^^^^^^^
  File "C:\Users\Dell\Desktop\Msc applied computer science\Semester 2\HMI (Project)\HMI\Human-Machine-Interface-\venv\Lib\site-packages\quart\app.py", line 1029, in handle_user_exception
    raise error
  File "C:\Users\Dell\Desktop\Msc applied computer science\Semester 2\HMI (Project)\HMI\Human-Machine-Interface-\venv\Lib\site-packages\quart\app.py", line 1432, in full_dispatch_request
    result = await self.dispatch_request(request_context)
             ^^^^^^^^^^^^^^^^^^^^^^^^^^^^^^^^^^^^^^^^^^^^
  File "C:\Users\Dell\Desktop\Msc applied computer science\Semester 2\HMI (Project)\HMI\Human-Machine-Interface-\venv\Lib\site-packages\quart\app.py", line 1526, in dispatch_request
    return await self.ensure_async(handler)(**request_.view_args)  # type: ignore
           ^^^^^^^^^^^^^^^^^^^^^^^^^^^^^^^^^^^^^^^^^^^^^^^^^^^^^^
  File "C:\Users\Dell\Desktop\HMI\server.py", line 59, in course_general
    resp = list_course_general(ctx, data_json)
           ^^^^^^^^^^^^^^^^^^^^^^^^^^^^^^^^^^^
  File "C:\Users\Dell\Desktop\HMI\matcher\query.py", line 17, in list_course_general
    query = json_payload['title']
            ~~~~~~~~~~~~^^^^^^^^^
KeyError: 'title'
2024-06-28 17:27:41 [INFO]- Exception on request POST /course_general/
Traceback (most recent call last):
  File "C:\Users\Dell\Desktop\Msc applied computer science\Semester 2\HMI (Project)\HMI\Human-Machine-Interface-\venv\Lib\site-packages\quart\app.py", line 1396, in handle_request
    return await self.full_dispatch_request(request_context)
           ^^^^^^^^^^^^^^^^^^^^^^^^^^^^^^^^^^^^^^^^^^^^^^^^^
  File "C:\Users\Dell\Desktop\Msc applied computer science\Semester 2\HMI (Project)\HMI\Human-Machine-Interface-\venv\Lib\site-packages\quart\app.py", line 1434, in full_dispatch_request
    result = await self.handle_user_exception(error)
             ^^^^^^^^^^^^^^^^^^^^^^^^^^^^^^^^^^^^^^^
  File "C:\Users\Dell\Desktop\Msc applied computer science\Semester 2\HMI (Project)\HMI\Human-Machine-Interface-\venv\Lib\site-packages\quart\app.py", line 1029, in handle_user_exception
    raise error
  File "C:\Users\Dell\Desktop\Msc applied computer science\Semester 2\HMI (Project)\HMI\Human-Machine-Interface-\venv\Lib\site-packages\quart\app.py", line 1432, in full_dispatch_request
    result = await self.dispatch_request(request_context)
             ^^^^^^^^^^^^^^^^^^^^^^^^^^^^^^^^^^^^^^^^^^^^
  File "C:\Users\Dell\Desktop\Msc applied computer science\Semester 2\HMI (Project)\HMI\Human-Machine-Interface-\venv\Lib\site-packages\quart\app.py", line 1526, in dispatch_request
    return await self.ensure_async(handler)(**request_.view_args)  # type: ignore
           ^^^^^^^^^^^^^^^^^^^^^^^^^^^^^^^^^^^^^^^^^^^^^^^^^^^^^^
  File "C:\Users\Dell\Desktop\HMI\server.py", line 59, in course_general
    resp = list_course_general(ctx, data_json)
           ^^^^^^^^^^^^^^^^^^^^^^^^^^^^^^^^^^^
  File "C:\Users\Dell\Desktop\HMI\matcher\query.py", line 17, in list_course_general
    query = json_payload['title']
            ~~~~~~~~~~~~^^^^^^^^^
KeyError: 'title'
